# JRE version: Java(TM) SE Runtime Environment (13.0+33) (build 13-ea+33)
# Java VM: Java HotSpot(TM) 64-Bit Server VM (13-ea+33, mixed mode, sharing, tiered, compressed oops, g1 gc, windows-amd64)
Heap:
 garbage-first heap   total 194560K, used 19548K [0x0000000742a00000, 0x0000000800000000)
  region size 1024K, 17 young (17408K), 2 survivors (2048K)
 Metaspace       used 12777K, capacity 14524K, committed 14848K, reserved 1062912K
  class space    used 1498K, capacity 1719K, committed 1792K, reserved 1048576K
GC Heap History (6 events):
Event: 2.113 GC heap before
{Heap before GC invocations=0 (full 0):
 garbage-first heap   total 194560K, used 14336K [0x0000000742a00000, 0x0000000800000000)
  region size 1024K, 14 young (14336K), 0 survivors (0K)
 Metaspace       used 4215K, capacity 6893K, committed 7168K, reserved 1056768K
  class space    used 451K, capacity 728K, committed 768K, reserved 1048576K
}
Event: 2.124 GC heap after
{Heap after GC invocations=1 (full 0):
 garbage-first heap   total 194560K, used 3274K [0x0000000742a00000, 0x0000000800000000)
  region size 1024K, 2 young (2048K), 2 survivors (2048K)
 Metaspace       used 4215K, capacity 6893K, committed 7168K, reserved 1056768K
  class space    used 451K, capacity 728K, committed 768K, reserved 1048576K
}
Event: 2.586 GC heap before
{Heap before GC invocations=1 (full 0):
 garbage-first heap   total 194560K, used 13514K [0x0000000742a00000, 0x0000000800000000)
  region size 1024K, 12 young (12288K), 2 survivors (2048K)
 Metaspace       used 5597K, capacity 7833K, committed 8064K, reserved 1056768K
  class space    used 656K, capacity 892K, committed 896K, reserved 1048576K
}
Event: 2.590 GC heap after
{Heap after GC invocations=2 (full 0):
 garbage-first heap   total 194560K, used 3892K [0x0000000742a00000, 0x0000000800000000)
  region size 1024K, 1 young (1024K), 1 survivors (1024K)
 Metaspace       used 5597K, capacity 7833K, committed 8064K, reserved 1056768K
  class space    used 656K, capacity 892K, committed 896K, reserved 1048576K
}
Event: 3.658 GC heap before
{Heap before GC invocations=2 (full 0):
 garbage-first heap   total 194560K, used 32564K [0x0000000742a00000, 0x0000000800000000)
  region size 1024K, 29 young (29696K), 1 survivors (1024K)
 Metaspace       used 9989K, capacity 11894K, committed 12032K, reserved 1060864K
  class space    used 1218K, capacity 1451K, committed 1536K, reserved 1048576K
}
Event: 3.663 GC heap after
{Heap after GC invocations=3 (full 0):
 garbage-first heap   total 194560K, used 5212K [0x0000000742a00000, 0x0000000800000000)
  region size 1024K, 2 young (2048K), 2 survivors (2048K)
 Metaspace       used 9989K, capacity 11894K, committed 12032K, reserved 1060864K
  class space    used 1218K, capacity 1451K, committed 1536K, reserved 1048576K
}

